<?xml version="1.0" encoding="UTF-8"?>
<!-- Generated by org.testng.reporters.JUnitReportReporter -->
<testsuite hostname="MWDH-Work2" failures="0" tests="1" name="ass3XPathMultipleAttribute.ChromWebDriver" time="14.566" errors="0" timestamp="2022-07-27T03:24:24 AST" skipped="0">
  <testcase classname="ass3XPathMultipleAttribute.ChromWebDriver" name="LearnEnglishWebSite" time="14.566"/>
  <system-out/>
</testsuite> <!-- ass3XPathMultipleAttribute.ChromWebDriver -->
